# JRE version: OpenJDK Runtime Environment (8.0_242-b08) (build 1.8.0_242-8u242-b08-0ubuntu3~19.10-b08)
# Java VM: OpenJDK 64-Bit Server VM (25.242-b08 mixed mode linux-amd64 compressed oops)
Heap:
 PSYoungGen      total 221184K, used 44355K [0x000000076d900000, 0x000000077f900000, 0x00000007c0000000)
  eden space 158720K, 27% used [0x000000076d900000,0x0000000770450d98,0x0000000777400000)
  from space 62464K, 0% used [0x000000077bc00000,0x000000077bc00000,0x000000077f900000)
  to   space 68096K, 0% used [0x0000000777400000,0x0000000777400000,0x000000077b680000)
 ParOldGen       total 793088K, used 333659K [0x00000006c8a00000, 0x00000006f9080000, 0x000000076d900000)
  object space 793088K, 42% used [0x00000006c8a00000,0x00000006dcfd6f90,0x00000006f9080000)
 Metaspace       used 26386K, capacity 26772K, committed 27136K, reserved 1073152K
  class space    used 3073K, capacity 3206K, committed 3328K, reserved 1048576K
GC Heap History (10 events):
Event: 66,394 GC heap before
{Heap before GC invocations=69 (full 29):
 PSYoungGen      total 231424K, used 448K [0x000000076d900000, 0x0000000780f00000, 0x00000007c0000000)
  eden space 158720K, 0% used [0x000000076d900000,0x000000076d900000,0x0000000777400000)
  from space 72704K, 0% used [0x000000077c800000,0x000000077c870000,0x0000000780f00000)
  to   space 79360K, 0% used [0x0000000777400000,0x0000000777400000,0x000000077c180000)
 ParOldGen       total 793088K, used 333757K [0x00000006c8a00000, 0x00000006f9080000, 0x000000076d900000)
  object space 793088K, 42% used [0x00000006c8a00000,0x00000006dcfef7e8,0x00000006f9080000)
 Metaspace       used 26258K, capacity 26638K, committed 27136K, reserved 1073152K
  class space    used 3072K, capacity 3205K, committed 3328K, reserved 1048576K
Event: 66,673 GC heap after
Heap after GC invocations=69 (full 29):
 PSYoungGen      total 231424K, used 0K [0x000000076d900000, 0x0000000780f00000, 0x00000007c0000000)
  eden space 158720K, 0% used [0x000000076d900000,0x000000076d900000,0x0000000777400000)
  from space 72704K, 0% used [0x000000077c800000,0x000000077c800000,0x0000000780f00000)
  to   space 79360K, 0% used [0x0000000777400000,0x0000000777400000,0x000000077c180000)
 ParOldGen       total 793088K, used 333795K [0x00000006c8a00000, 0x00000006f9080000, 0x000000076d900000)
  object space 793088K, 42% used [0x00000006c8a00000,0x00000006dcff8e58,0x00000006f9080000)
 Metaspace       used 26258K, capacity 26638K, committed 27136K, reserved 1073152K
  class space    used 3072K, capacity 3205K, committed 3328K, reserved 1048576K
}
Event: 67,375 GC heap before
{Heap before GC invocations=70 (full 29):
 PSYoungGen      total 231424K, used 7990K [0x000000076d900000, 0x0000000780f00000, 0x00000007c0000000)
  eden space 158720K, 5% used [0x000000076d900000,0x000000076e0cdbf0,0x0000000777400000)
  from space 72704K, 0% used [0x000000077c800000,0x000000077c800000,0x0000000780f00000)
  to   space 79360K, 0% used [0x0000000777400000,0x0000000777400000,0x000000077c180000)
 ParOldGen       total 793088K, used 333795K [0x00000006c8a00000, 0x00000006f9080000, 0x000000076d900000)
  object space 793088K, 42% used [0x00000006c8a00000,0x00000006dcff8e58,0x00000006f9080000)
 Metaspace       used 26261K, capacity 26702K, committed 27136K, reserved 1073152K
  class space    used 3072K, capacity 3205K, committed 3328K, reserved 1048576K
Event: 67,388 GC heap after
Heap after GC invocations=70 (full 29):
 PSYoungGen      total 159232K, used 224K [0x000000076d900000, 0x0000000780400000, 0x00000007c0000000)
  eden space 158720K, 0% used [0x000000076d900000,0x000000076d900000,0x0000000777400000)
  from space 512K, 43% used [0x0000000777400000,0x0000000777438000,0x0000000777480000)
  to   space 73728K, 0% used [0x000000077bc00000,0x000000077bc00000,0x0000000780400000)
 ParOldGen       total 793088K, used 333803K [0x00000006c8a00000, 0x00000006f9080000, 0x000000076d900000)
  object space 793088K, 42% used [0x00000006c8a00000,0x00000006dcffae58,0x00000006f9080000)
 Metaspace       used 26261K, capacity 26702K, committed 27136K, reserved 1073152K
  class space    used 3072K, capacity 3205K, committed 3328K, reserved 1048576K
}
Event: 67,388 GC heap before
{Heap before GC invocations=71 (full 30):
 PSYoungGen      total 159232K, used 224K [0x000000076d900000, 0x0000000780400000, 0x00000007c0000000)
  eden space 158720K, 0% used [0x000000076d900000,0x000000076d900000,0x0000000777400000)
  from space 512K, 43% used [0x0000000777400000,0x0000000777438000,0x0000000777480000)
  to   space 73728K, 0% used [0x000000077bc00000,0x000000077bc00000,0x0000000780400000)
 ParOldGen       total 793088K, used 333803K [0x00000006c8a00000, 0x00000006f9080000, 0x000000076d900000)
  object space 793088K, 42% used [0x00000006c8a00000,0x00000006dcffae58,0x00000006f9080000)
 Metaspace       used 26261K, capacity 26702K, committed 27136K, reserved 1073152K
  class space    used 3072K, capacity 3205K, committed 3328K, reserved 1048576K
Event: 67,674 GC heap after
Heap after GC invocations=71 (full 30):
 PSYoungGen      total 159232K, used 0K [0x000000076d900000, 0x0000000780400000, 0x00000007c0000000)
  eden space 158720K, 0% used [0x000000076d900000,0x000000076d900000,0x0000000777400000)
  from space 512K, 0% used [0x0000000777400000,0x0000000777400000,0x0000000777480000)
  to   space 73728K, 0% used [0x000000077bc00000,0x000000077bc00000,0x0000000780400000)
 ParOldGen       total 793088K, used 333796K [0x00000006c8a00000, 0x00000006f9080000, 0x000000076d900000)
  object space 793088K, 42% used [0x00000006c8a00000,0x00000006dcff9020,0x00000006f9080000)
 Metaspace       used 26261K, capacity 26702K, committed 27136K, reserved 1073152K
  class space    used 3072K, capacity 3205K, committed 3328K, reserved 1048576K
}
Event: 68,121 GC heap before
{Heap before GC invocations=72 (full 30):
 PSYoungGen      total 159232K, used 6609K [0x000000076d900000, 0x0000000780400000, 0x00000007c0000000)
  eden space 158720K, 4% used [0x000000076d900000,0x000000076df747a8,0x0000000777400000)
  from space 512K, 0% used [0x0000000777400000,0x0000000777400000,0x0000000777480000)
  to   space 73728K, 0% used [0x000000077bc00000,0x000000077bc00000,0x0000000780400000)
 ParOldGen       total 793088K, used 333796K [0x00000006c8a00000, 0x00000006f9080000, 0x000000076d900000)
  object space 793088K, 42% used [0x00000006c8a00000,0x00000006dcff9020,0x00000006f9080000)
 Metaspace       used 26278K, capacity 26702K, committed 27136K, reserved 1073152K
  class space    used 3072K, capacity 3205K, committed 3328K, reserved 1048576K
Event: 68,124 GC heap after
Heap after GC invocations=72 (full 30):
 PSYoungGen      total 221184K, used 288K [0x000000076d900000, 0x000000077f900000, 0x00000007c0000000)
  eden space 158720K, 0% used [0x000000076d900000,0x000000076d900000,0x0000000777400000)
  from space 62464K, 0% used [0x000000077bc00000,0x000000077bc48000,0x000000077f900000)
  to   space 68096K, 0% used [0x0000000777400000,0x0000000777400000,0x000000077b680000)
 ParOldGen       total 793088K, used 333796K [0x00000006c8a00000, 0x00000006f9080000, 0x000000076d900000)
  object space 793088K, 42% used [0x00000006c8a00000,0x00000006dcff9020,0x00000006f9080000)
 Metaspace       used 26278K, capacity 26702K, committed 27136K, reserved 1073152K
  class space    used 3072K, capacity 3205K, committed 3328K, reserved 1048576K
}
Event: 68,124 GC heap before
{Heap before GC invocations=73 (full 31):
 PSYoungGen      total 221184K, used 288K [0x000000076d900000, 0x000000077f900000, 0x00000007c0000000)
  eden space 158720K, 0% used [0x000000076d900000,0x000000076d900000,0x0000000777400000)
  from space 62464K, 0% used [0x000000077bc00000,0x000000077bc48000,0x000000077f900000)
  to   space 68096K, 0% used [0x0000000777400000,0x0000000777400000,0x000000077b680000)
 ParOldGen       total 793088K, used 333796K [0x00000006c8a00000, 0x00000006f9080000, 0x000000076d900000)
  object space 793088K, 42% used [0x00000006c8a00000,0x00000006dcff9020,0x00000006f9080000)
 Metaspace       used 26278K, capacity 26702K, committed 27136K, reserved 1073152K
  class space    used 3072K, capacity 3205K, committed 3328K, reserved 1048576K
Event: 68,486 GC heap after
Heap after GC invocations=73 (full 31):
 PSYoungGen      total 221184K, used 0K [0x000000076d900000, 0x000000077f900000, 0x00000007c0000000)
  eden space 158720K, 0% used [0x000000076d900000,0x000000076d900000,0x0000000777400000)
  from space 62464K, 0% used [0x000000077bc00000,0x000000077bc00000,0x000000077f900000)
  to   space 68096K, 0% used [0x0000000777400000,0x0000000777400000,0x000000077b680000)
 ParOldGen       total 793088K, used 333659K [0x00000006c8a00000, 0x00000006f9080000, 0x000000076d900000)
  object space 793088K, 42% used [0x00000006c8a00000,0x00000006dcfd6f90,0x00000006f9080000)
 Metaspace       used 26278K, capacity 26702K, committed 27136K, reserved 1073152K
  class space    used 3072K, capacity 3205K, committed 3328K, reserved 1048576K
}

