# JRE version: OpenJDK Runtime Environment (8.0_242-b08) (build 1.8.0_242-8u242-b08-0ubuntu3~19.10-b08)
# Java VM: OpenJDK 64-Bit Server VM (25.242-b08 mixed mode linux-amd64 compressed oops)
Heap:
 PSYoungGen      total 1118720K, used 560853K [0x000000076d900000, 0x00000007c0000000, 0x00000007c0000000)
  eden space 903168K, 43% used [0x000000076d900000,0x0000000785cedc00,0x00000007a4b00000)
  from space 215552K, 75% used [0x00000007b2d80000,0x00000007bcd47970,0x00000007c0000000)
  to   space 223744K, 0% used [0x00000007a4b00000,0x00000007a4b00000,0x00000007b2580000)
 ParOldGen       total 494080K, used 353651K [0x00000006c8a00000, 0x00000006e6c80000, 0x000000076d900000)
  object space 494080K, 71% used [0x00000006c8a00000,0x00000006de35cd20,0x00000006e6c80000)
 Metaspace       used 22514K, capacity 22790K, committed 23168K, reserved 1069056K
  class space    used 2815K, capacity 2901K, committed 2944K, reserved 1048576K
GC Heap History (10 events):
Event: 3,726 GC heap before
{Heap before GC invocations=36 (full 2):
 PSYoungGen      total 1159168K, used 1158920K [0x000000076d900000, 0x00000007c0000000, 0x00000007c0000000)
  eden space 1019904K, 100% used [0x000000076d900000,0x00000007abd00000,0x00000007abd00000)
  from space 139264K, 99% used [0x00000007abd00000,0x00000007b44c2078,0x00000007b4500000)
  to   space 176640K, 0% used [0x00000007b5380000,0x00000007b5380000,0x00000007c0000000)
 ParOldGen       total 494080K, used 316274K [0x00000006c8a00000, 0x00000006e6c80000, 0x000000076d900000)
  object space 494080K, 64% used [0x00000006c8a00000,0x00000006dbedc9a8,0x00000006e6c80000)
 Metaspace       used 22510K, capacity 22790K, committed 23168K, reserved 1069056K
  class space    used 2815K, capacity 2901K, committed 2944K, reserved 1048576K
Event: 3,754 GC heap after
Heap after GC invocations=36 (full 2):
 PSYoungGen      total 1153536K, used 144352K [0x000000076d900000, 0x00000007c0000000, 0x00000007c0000000)
  eden space 976896K, 0% used [0x000000076d900000,0x000000076d900000,0x00000007a9300000)
  from space 176640K, 81% used [0x00000007b5380000,0x00000007be0782f0,0x00000007c0000000)
  to   space 186880K, 0% used [0x00000007a9300000,0x00000007a9300000,0x00000007b4980000)
 ParOldGen       total 494080K, used 319882K [0x00000006c8a00000, 0x00000006e6c80000, 0x000000076d900000)
  object space 494080K, 64% used [0x00000006c8a00000,0x00000006dc2629a8,0x00000006e6c80000)
 Metaspace       used 22510K, capacity 22790K, committed 23168K, reserved 1069056K
  class space    used 2815K, capacity 2901K, committed 2944K, reserved 1048576K
}
Event: 3,833 GC heap before
{Heap before GC invocations=37 (full 2):
 PSYoungGen      total 1153536K, used 1121248K [0x000000076d900000, 0x00000007c0000000, 0x00000007c0000000)
  eden space 976896K, 100% used [0x000000076d900000,0x00000007a9300000,0x00000007a9300000)
  from space 176640K, 81% used [0x00000007b5380000,0x00000007be0782f0,0x00000007c0000000)
  to   space 186880K, 0% used [0x00000007a9300000,0x00000007a9300000,0x00000007b4980000)
 ParOldGen       total 494080K, used 319882K [0x00000006c8a00000, 0x00000006e6c80000, 0x000000076d900000)
  object space 494080K, 64% used [0x00000006c8a00000,0x00000006dc2629a8,0x00000006e6c80000)
 Metaspace       used 22510K, capacity 22790K, committed 23168K, reserved 1069056K
  class space    used 2815K, capacity 2901K, committed 2944K, reserved 1048576K
Event: 3,863 GC heap after
Heap after GC invocations=37 (full 2):
 PSYoungGen      total 1133568K, used 156534K [0x000000076d900000, 0x00000007c0000000, 0x00000007c0000000)
  eden space 976896K, 0% used [0x000000076d900000,0x000000076d900000,0x00000007a9300000)
  from space 156672K, 99% used [0x00000007a9300000,0x00000007b2bddb98,0x00000007b2c00000)
  to   space 199680K, 0% used [0x00000007b3d00000,0x00000007b3d00000,0x00000007c0000000)
 ParOldGen       total 494080K, used 322882K [0x00000006c8a00000, 0x00000006e6c80000, 0x000000076d900000)
  object space 494080K, 65% used [0x00000006c8a00000,0x00000006dc5509a8,0x00000006e6c80000)
 Metaspace       used 22510K, capacity 22790K, committed 23168K, reserved 1069056K
  class space    used 2815K, capacity 2901K, committed 2944K, reserved 1048576K
}
Event: 3,946 GC heap before
{Heap before GC invocations=38 (full 2):
 PSYoungGen      total 1133568K, used 1133430K [0x000000076d900000, 0x00000007c0000000, 0x00000007c0000000)
  eden space 976896K, 100% used [0x000000076d900000,0x00000007a9300000,0x00000007a9300000)
  from space 156672K, 99% used [0x00000007a9300000,0x00000007b2bddb98,0x00000007b2c00000)
  to   space 199680K, 0% used [0x00000007b3d00000,0x00000007b3d00000,0x00000007c0000000)
 ParOldGen       total 494080K, used 322882K [0x00000006c8a00000, 0x00000006e6c80000, 0x000000076d900000)
  object space 494080K, 65% used [0x00000006c8a00000,0x00000006dc5509a8,0x00000006e6c80000)
 Metaspace       used 22510K, capacity 22790K, committed 23168K, reserved 1069056K
  class space    used 2815K, capacity 2901K, committed 2944K, reserved 1048576K
Event: 3,977 GC heap after
Heap after GC invocations=38 (full 2):
 PSYoungGen      total 1133568K, used 154230K [0x000000076d900000, 0x00000007c0000000, 0x00000007c0000000)
  eden space 933888K, 0% used [0x000000076d900000,0x000000076d900000,0x00000007a6900000)
  from space 199680K, 77% used [0x00000007b3d00000,0x00000007bd39da50,0x00000007c0000000)
  to   space 208384K, 0% used [0x00000007a6900000,0x00000007a6900000,0x00000007b3480000)
 ParOldGen       total 494080K, used 332377K [0x00000006c8a00000, 0x00000006e6c80000, 0x000000076d900000)
  object space 494080K, 67% used [0x00000006c8a00000,0x00000006dce96478,0x00000006e6c80000)
 Metaspace       used 22510K, capacity 22790K, committed 23168K, reserved 1069056K
  class space    used 2815K, capacity 2901K, committed 2944K, reserved 1048576K
}
Event: 4,060 GC heap before
{Heap before GC invocations=39 (full 2):
 PSYoungGen      total 1133568K, used 1088118K [0x000000076d900000, 0x00000007c0000000, 0x00000007c0000000)
  eden space 933888K, 100% used [0x000000076d900000,0x00000007a6900000,0x00000007a6900000)
  from space 199680K, 77% used [0x00000007b3d00000,0x00000007bd39da50,0x00000007c0000000)
  to   space 208384K, 0% used [0x00000007a6900000,0x00000007a6900000,0x00000007b3480000)
 ParOldGen       total 494080K, used 332377K [0x00000006c8a00000, 0x00000006e6c80000, 0x000000076d900000)
  object space 494080K, 67% used [0x00000006c8a00000,0x00000006dce96478,0x00000006e6c80000)
 Metaspace       used 22512K, capacity 22790K, committed 23168K, reserved 1069056K
  class space    used 2815K, capacity 2901K, committed 2944K, reserved 1048576K
Event: 4,089 GC heap after
Heap after GC invocations=39 (full 2):
 PSYoungGen      total 1089536K, used 155163K [0x000000076d900000, 0x00000007c0000000, 0x00000007c0000000)
  eden space 933888K, 0% used [0x000000076d900000,0x000000076d900000,0x00000007a6900000)
  from space 155648K, 99% used [0x00000007a6900000,0x00000007b0086d80,0x00000007b0100000)
  to   space 215552K, 0% used [0x00000007b2d80000,0x00000007b2d80000,0x00000007c0000000)
 ParOldGen       total 494080K, used 342913K [0x00000006c8a00000, 0x00000006e6c80000, 0x000000076d900000)
  object space 494080K, 69% used [0x00000006c8a00000,0x00000006dd8e0770,0x00000006e6c80000)
 Metaspace       used 22512K, capacity 22790K, committed 23168K, reserved 1069056K
  class space    used 2815K, capacity 2901K, committed 2944K, reserved 1048576K
}
Event: 4,438 GC heap before
{Heap before GC invocations=40 (full 2):
 PSYoungGen      total 1089536K, used 1089051K [0x000000076d900000, 0x00000007c0000000, 0x00000007c0000000)
  eden space 933888K, 100% used [0x000000076d900000,0x00000007a6900000,0x00000007a6900000)
  from space 155648K, 99% used [0x00000007a6900000,0x00000007b0086d80,0x00000007b0100000)
  to   space 215552K, 0% used [0x00000007b2d80000,0x00000007b2d80000,0x00000007c0000000)
 ParOldGen       total 494080K, used 342913K [0x00000006c8a00000, 0x00000006e6c80000, 0x000000076d900000)
  object space 494080K, 69% used [0x00000006c8a00000,0x00000006dd8e0770,0x00000006e6c80000)
 Metaspace       used 22514K, capacity 22790K, committed 23168K, reserved 1069056K
  class space    used 2815K, capacity 2901K, committed 2944K, reserved 1048576K
Event: 4,470 GC heap after
Heap after GC invocations=40 (full 2):
 PSYoungGen      total 1118720K, used 163614K [0x000000076d900000, 0x00000007c0000000, 0x00000007c0000000)
  eden space 903168K, 0% used [0x000000076d900000,0x000000076d900000,0x00000007a4b00000)
  from space 215552K, 75% used [0x00000007b2d80000,0x00000007bcd47970,0x00000007c0000000)
  to   space 223744K, 0% used [0x00000007a4b00000,0x00000007a4b00000,0x00000007b2580000)
 ParOldGen       total 494080K, used 353651K [0x00000006c8a00000, 0x00000006e6c80000, 0x000000076d900000)
  object space 494080K, 71% used [0x00000006c8a00000,0x00000006de35cd20,0x00000006e6c80000)
 Metaspace       used 22514K, capacity 22790K, committed 23168K, reserved 1069056K
  class space    used 2815K, capacity 2901K, committed 2944K, reserved 1048576K
}

